<?xml version="1.0" encoding="UTF-8"?>
<testsuite name="Cucumber" time="3.87" tests="1" skipped="0" failures="0" errors="0">
<testcase classname="login functionality" name="To check login functionality" time="3.745">
<system-out><![CDATA[
Given Launch the browser....................................................passed
And user open the url "https://www.instagram.com/"..........................passed
When user enters username and password......................................passed
Then click on login button..................................................passed
]]></system-out>
</testcase>
</testsuite>
